Using pre-set license
Built from '2022.3/staging' branch; Version is '2022.3.10f1 (ff3792e53c62) revision 16725906'; Using compiler version '192829333'; Build Type 'Release'
OS: 'Windows 11  (10.0.22621) 64bit Core' Language: 'en' Physical Memory: 15774 MB
BatchMode: 1, IsHumanControllingUs: 0, StartBugReporterOnCrash: 0, Is64bit: 1, IsPro: 1

COMMAND LINE ARGUMENTS:
D:\Unity\UnityVersion\2022.3.10f1\Editor\Unity.exe
-adb2
-batchMode
-noUpm
-name
AssetImportWorker28
-projectPath
D:/Portfolio/Portfolio/Space War
-logFile
Logs/AssetImportWorker28.log
-srvPort
49277
Successfully changed project path to: D:/Portfolio/Portfolio/Space War
D:/Portfolio/Portfolio/Space War
[UnityMemory] Configuration Parameters - Can be set up in boot.config
    "memorysetup-bucket-allocator-granularity=16"
    "memorysetup-bucket-allocator-bucket-count=8"
    "memorysetup-bucket-allocator-block-size=33554432"
    "memorysetup-bucket-allocator-block-count=8"
    "memorysetup-main-allocator-block-size=16777216"
    "memorysetup-thread-allocator-block-size=16777216"
    "memorysetup-gfx-main-allocator-block-size=16777216"
    "memorysetup-gfx-thread-allocator-block-size=16777216"
    "memorysetup-cache-allocator-block-size=4194304"
    "memorysetup-typetree-allocator-block-size=2097152"
    "memorysetup-profiler-bucket-allocator-granularity=16"
    "memorysetup-profiler-bucket-allocator-bucket-count=8"
    "memorysetup-profiler-bucket-allocator-block-size=33554432"
    "memorysetup-profiler-bucket-allocator-block-count=8"
    "memorysetup-profiler-allocator-block-size=16777216"
    "memorysetup-profiler-editor-allocator-block-size=1048576"
    "memorysetup-temp-allocator-size-main=16777216"
    "memorysetup-job-temp-allocator-block-size=2097152"
    "memorysetup-job-temp-allocator-block-size-background=1048576"
    "memorysetup-job-temp-allocator-reduction-small-platforms=262144"
    "memorysetup-allocator-temp-initial-block-size-main=262144"
    "memorysetup-allocator-temp-initial-block-size-worker=262144"
    "memorysetup-temp-allocator-size-background-worker=32768"
    "memorysetup-temp-allocator-size-job-worker=262144"
    "memorysetup-temp-allocator-size-preload-manager=33554432"
    "memorysetup-temp-allocator-size-nav-mesh-worker=65536"
    "memorysetup-temp-allocator-size-audio-worker=65536"
    "memorysetup-temp-allocator-size-cloud-worker=32768"
    "memorysetup-temp-allocator-size-gi-baking-worker=262144"
    "memorysetup-temp-allocator-size-gfx=262144"
Player connection [31880] Host "[IP] 100.65.183.206 [Port] 0 [Flags] 2 [Guid] 1482471009 [EditorId] 1482471009 [Version] 1048832 [Id] WindowsEditor(7,shala) [Debug] 1 [PackageName] WindowsEditor [ProjectName] Editor" joined multi-casting on [225.0.0.222:54997]...

Player connection [31880] Host "[IP] 100.65.183.206 [Port] 0 [Flags] 2 [Guid] 1482471009 [EditorId] 1482471009 [Version] 1048832 [Id] WindowsEditor(7,shala) [Debug] 1 [PackageName] WindowsEditor [ProjectName] Editor" joined alternative multi-casting on [225.0.0.222:34997]...

[Physics::Module] Initialized MultithreadedJobDispatcher with 15 workers.
Refreshing native plugins compatible for Editor in 4.47 ms, found 3 plugins.
Preloading 0 native plugins for Editor in 0.00 ms.
Initialize engine version: 2022.3.10f1 (ff3792e53c62)
[Subsystems] Discovering subsystems at path D:/Unity/UnityVersion/2022.3.10f1/Editor/Data/Resources/UnitySubsystems
[Subsystems] Discovering subsystems at path D:/Portfolio/Portfolio/Space War/Assets
GfxDevice: creating device client; threaded=0; jobified=0
Direct3D:
    Version:  Direct3D 11.0 [level 11.1]
    Renderer: AMD Radeon RX 6800M (ID=0x73df)
    Vendor:   ATI
    VRAM:     12242 MB
    Driver:   31.0.21031.1005
Initialize mono
Mono path[0] = 'D:/Unity/UnityVersion/2022.3.10f1/Editor/Data/Managed'
Mono path[1] = 'D:/Unity/UnityVersion/2022.3.10f1/Editor/Data/MonoBleedingEdge/lib/mono/unityjit-win32'
Mono config path = 'D:/Unity/UnityVersion/2022.3.10f1/Editor/Data/MonoBleedingEdge/etc'
Using monoOptions --debugger-agent=transport=dt_socket,embedding=1,server=y,suspend=n,address=127.0.0.1:56296
Begin MonoManager ReloadAssembly
Registering precompiled unity dll's ...
Register platform support module: D:/Unity/UnityVersion/2022.3.10f1/Editor/Data/PlaybackEngines/WebGLSupport/UnityEditor.WebGL.Extensions.dll
Register platform support module: D:/Unity/UnityVersion/2022.3.10f1/Editor/Data/PlaybackEngines/AndroidPlayer/UnityEditor.Android.Extensions.dll
Register platform support module: D:/Unity/UnityVersion/2022.3.10f1/Editor/Data/PlaybackEngines/WindowsStandaloneSupport/UnityEditor.WindowsStandalone.Extensions.dll
Registered in 0.003685 seconds.
- Loaded All Assemblies, in  0.362 seconds
Native extension for WindowsStandalone target not found
Native extension for Android target not found
Android Extension - Scanning For ADB Devices 352 ms
Native extension for WebGL target not found
Mono: successfully reloaded assembly
- Finished resetting the current domain, in  0.684 seconds
Domain Reload Profiling: 1047ms
	BeginReloadAssembly (107ms)
		ExecutionOrderSort (0ms)
		DisableScriptedObjects (0ms)
		BackupInstance (0ms)
		ReleaseScriptingObjects (0ms)
		CreateAndSetChildDomain (1ms)
	RebuildCommonClasses (32ms)
	RebuildNativeTypeToScriptingClass (8ms)
	initialDomainReloadingComplete (42ms)
	LoadAllAssembliesAndSetupDomain (173ms)
		LoadAssemblies (109ms)
		RebuildTransferFunctionScriptingTraits (0ms)
		AnalyzeDomain (169ms)
			TypeCache.Refresh (167ms)
				TypeCache.ScanAssembly (152ms)
			ScanForSourceGeneratedMonoScriptInfo (0ms)
			ResolveRequiredComponents (1ms)
	FinalizeReload (685ms)
		ReleaseScriptCaches (0ms)
		RebuildScriptCaches (0ms)
		SetupLoadedEditorAssemblies (629ms)
			LogAssemblyErrors (0ms)
			InitializePlatformSupportModulesInManaged (478ms)
			SetLoadedEditorAssemblies (4ms)
			RefreshPlugins (0ms)
			BeforeProcessingInitializeOnLoad (2ms)
			ProcessInitializeOnLoadAttributes (97ms)
			ProcessInitializeOnLoadMethodAttributes (47ms)
			AfterProcessingInitializeOnLoad (0ms)
			EditorAssembliesLoaded (0ms)
		ExecutionOrderSort2 (0ms)
		AwakeInstancesAfterBackupRestoration (0ms)
========================================================================
Worker process is ready to serve import requests
Begin MonoManager ReloadAssembly
- Loaded All Assemblies, in  0.616 seconds
Refreshing native plugins compatible for Editor in 1.21 ms, found 3 plugins.
Native extension for WindowsStandalone target not found
Native extension for Android target not found
Native extension for WebGL target not found
Package Manager log level set to [2]
[Package Manager] Server::EnsureServerProcessIsRunning -- launch failed, reason: Unity was launched with the -noUpm command-line argument
[Package Manager] UpmClient::Send -- Unable to send message (not connected to UPM process).
[Package Manager] Cannot connect to Unity Package Manager local server
Mono: successfully reloaded assembly
- Finished resetting the current domain, in  0.434 seconds
Domain Reload Profiling: 1050ms
	BeginReloadAssembly (110ms)
		ExecutionOrderSort (0ms)
		DisableScriptedObjects (4ms)
		BackupInstance (0ms)
		ReleaseScriptingObjects (0ms)
		CreateAndSetChildDomain (19ms)
	RebuildCommonClasses (24ms)
	RebuildNativeTypeToScriptingClass (8ms)
	initialDomainReloadingComplete (28ms)
	LoadAllAssembliesAndSetupDomain (446ms)
		LoadAssemblies (313ms)
		RebuildTransferFunctionScriptingTraits (0ms)
		AnalyzeDomain (193ms)
			TypeCache.Refresh (171ms)
				TypeCache.ScanAssembly (151ms)
			ScanForSourceGeneratedMonoScriptInfo (18ms)
			ResolveRequiredComponents (3ms)
	FinalizeReload (434ms)
		ReleaseScriptCaches (0ms)
		RebuildScriptCaches (0ms)
		SetupLoadedEditorAssemblies (308ms)
			LogAssemblyErrors (0ms)
			InitializePlatformSupportModulesInManaged (19ms)
			SetLoadedEditorAssemblies (4ms)
			RefreshPlugins (0ms)
			BeforeProcessingInitializeOnLoad (47ms)
			ProcessInitializeOnLoadAttributes (221ms)
			ProcessInitializeOnLoadMethodAttributes (15ms)
			AfterProcessingInitializeOnLoad (2ms)
			EditorAssembliesLoaded (0ms)
		ExecutionOrderSort2 (0ms)
		AwakeInstancesAfterBackupRestoration (5ms)
Launched and connected shader compiler UnityShaderCompiler.exe after 0.06 seconds
Refreshing native plugins compatible for Editor in 1.20 ms, found 3 plugins.
Preloading 0 native plugins for Editor in 0.00 ms.
Unloading 3093 Unused Serialized files (Serialized files now loaded: 0)
Unloading 31 unused Assets / (56.5 KB). Loaded Objects now: 3567.
Memory consumption went from 126.4 MB to 126.3 MB.
Total: 3.277300 ms (FindLiveObjects: 0.202700 ms CreateObjectMapping: 0.122400 ms MarkObjects: 2.836600 ms  DeleteObjects: 0.114400 ms)

AssetImportParameters requested are different than current active one (requested -> active):
  custom:container-demuxer-ogg: 62fdf1f143b41e24485cea50d1cbac27 -> 
  custom:video-codec-MediaFoundation-h265: 746d11721c4dcdbdad8f713fa42b33f4 -> 
  custom:video-decoder-ogg-theora: a1e56fd34408186e4bbccfd4996cb3dc -> 
  custom:framework-win-MediaFoundation: 216162199b28c13a410421893ffa2e32 -> 
  custom:CustomObjectIndexerAttribute: 756ad292c208cfabdd7b50bc23989ffe -> 
  custom:container-demuxer-webm: 4f35f7cbe854078d1ac9338744f61a02 -> 
  custom:container-muxer-webm: aa71ff27fc2769a1b78a27578f13a17b -> 
  custom:video-decoder-webm-vp8: 9c59270c3fd7afecdb556c50c9e8de78 -> 
  custom:scripting/monoscript/fileName/FindSBNumer.cs: 198a05cfb84a2c1e05b5fcef3b42a20b -> 7d5f043e01fc57d3b84f26b1e636ad81
  custom:SearchIndexIgnoredProperties: e643bd26f0fe6173181afceb89e7c659 -> 
  custom:AudioImporter_EditorPlatform: d09bf68614088b80899f8185d706f6e7 -> 
  custom:scripting/monoscript/fileName/ProtectEffective.cs: 9f07128b65498bee0ea3adaef8542751 -> b257febbd637d8ad282c128adaadab58
  custom:scripting/monoscript/fileName/ReadmeStarSparrowEditor.cs: dd6fe5af4a98024fa125cf12547101f0 -> 
  custom:scripting/monoscript/fileName/ReadmeStarSparrow.cs: 74eefd30fb93b08501bc56ab6840dada -> 
  custom:video-encoder-webm-vp8: eb34c28f22e8b96e1ab97ce403110664 -> 
  custom:audio-decoder-ogg-vorbis: bf7c407c2cedff20999df2af8eb42d56 -> 
  custom:scripting/monoscript/fileName/SpecialBullet.cs: 845f341333d1daa8b5ba043f8d835d42 -> d7ad9781205612ab307c3057e8d4490a
  custom:audio-encoder-webm-vorbis: bf7c407c2cedff20999df2af8eb42d56 -> 
========================================================================
Received Import Request.
  Time since last request: 593008.839622 seconds.
  path: Assets/BubbleShader
  artifactKey: Guid(7c260a230e1b120419524b6ef5f2677c) Importer(815301076,1909f56bfc062723c751e8b465ee728b)
Start importing Assets/BubbleShader using Guid(7c260a230e1b120419524b6ef5f2677c) Importer(815301076,1909f56bfc062723c751e8b465ee728b)  -> (artifact id: '55ba6c08079b7750d0918f476aa4237a') in 0.002784 seconds
Number of updated asset objects reloaded before import = 0
Number of asset objects unloaded after import = 0
========================================================================
Received Import Request.
  Time since last request: 0.831826 seconds.
  path: Assets/BubbleShader/TazoShader
  artifactKey: Guid(635eeb852a52cca4192ffffa63025b52) Importer(815301076,1909f56bfc062723c751e8b465ee728b)
Start importing Assets/BubbleShader/TazoShader using Guid(635eeb852a52cca4192ffffa63025b52) Importer(815301076,1909f56bfc062723c751e8b465ee728b)  -> (artifact id: '180c860651e39a09fe208b404f95192b') in 0.000393 seconds
Number of updated asset objects reloaded before import = 0
Number of asset objects unloaded after import = 0
========================================================================
Received Import Request.
  Time since last request: 0.641756 seconds.
  path: Assets/BubbleShader/TazoShader/Bubble
  artifactKey: Guid(ce59a32a512c4a84c88f0d4b377c2bdd) Importer(815301076,1909f56bfc062723c751e8b465ee728b)
Start importing Assets/BubbleShader/TazoShader/Bubble using Guid(ce59a32a512c4a84c88f0d4b377c2bdd) Importer(815301076,1909f56bfc062723c751e8b465ee728b)  -> (artifact id: 'e2fe629f9e05bda159f39c66034cbcad') in 0.000543 seconds
Number of updated asset objects reloaded before import = 0
Number of asset objects unloaded after import = 0
========================================================================
Received Import Request.
  Time since last request: 4.708713 seconds.
  path: Assets/BubbleShader/TazoShader/Bubble/Material
  artifactKey: Guid(113f8c6cf38e9574b950606130542229) Importer(815301076,1909f56bfc062723c751e8b465ee728b)
Start importing Assets/BubbleShader/TazoShader/Bubble/Material using Guid(113f8c6cf38e9574b950606130542229) Importer(815301076,1909f56bfc062723c751e8b465ee728b)  -> (artifact id: '37fae2bffdad7ac91f137dcfd7a4debf') in 0.000454 seconds
Number of updated asset objects reloaded before import = 0
Number of asset objects unloaded after import = 0
========================================================================
Received Import Request.
  Time since last request: 0.058316 seconds.
  path: Assets/BubbleShader/TazoShader/Bubble/Material/complex.mat
  artifactKey: Guid(39c54a8400b97ff4a904b4a2eaf99641) Importer(815301076,1909f56bfc062723c751e8b465ee728b)
Start importing Assets/BubbleShader/TazoShader/Bubble/Material/complex.mat using Guid(39c54a8400b97ff4a904b4a2eaf99641) Importer(815301076,1909f56bfc062723c751e8b465ee728b)  -> (artifact id: '5e52940cc2be8afda14b1433b36c7e3b') in 0.142247 seconds
Number of updated asset objects reloaded before import = 0
Number of asset objects unloaded after import = 7
========================================================================
Received Prepare
Begin MonoManager ReloadAssembly
- Loaded All Assemblies, in  0.343 seconds
Refreshing native plugins compatible for Editor in 1.83 ms, found 3 plugins.
Native extension for WindowsStandalone target not found
Native extension for Android target not found
Native extension for WebGL target not found
[Package Manager] Server::EnsureServerProcessIsRunning -- launch failed, reason: Unity was launched with the -noUpm command-line argument
[Package Manager] UpmClient::Send -- Unable to send message (not connected to UPM process).
[Package Manager] Cannot connect to Unity Package Manager local server
Mono: successfully reloaded assembly
- Finished resetting the current domain, in  0.696 seconds
Domain Reload Profiling: 1039ms
	BeginReloadAssembly (136ms)
		ExecutionOrderSort (0ms)
		DisableScriptedObjects (4ms)
		BackupInstance (0ms)
		ReleaseScriptingObjects (0ms)
		CreateAndSetChildDomain (41ms)
	RebuildCommonClasses (25ms)
	RebuildNativeTypeToScriptingClass (8ms)
	initialDomainReloadingComplete (21ms)
	LoadAllAssembliesAndSetupDomain (152ms)
		LoadAssemblies (206ms)
		RebuildTransferFunctionScriptingTraits (0ms)
		AnalyzeDomain (12ms)
			TypeCache.Refresh (6ms)
				TypeCache.ScanAssembly (0ms)
			ScanForSourceGeneratedMonoScriptInfo (0ms)
			ResolveRequiredComponents (4ms)
	FinalizeReload (696ms)
		ReleaseScriptCaches (0ms)
		RebuildScriptCaches (0ms)
		SetupLoadedEditorAssemblies (375ms)
			LogAssemblyErrors (0ms)
			InitializePlatformSupportModulesInManaged (24ms)
			SetLoadedEditorAssemblies (4ms)
			RefreshPlugins (0ms)
			BeforeProcessingInitializeOnLoad (58ms)
			ProcessInitializeOnLoadAttributes (265ms)
			ProcessInitializeOnLoadMethodAttributes (21ms)
			AfterProcessingInitializeOnLoad (2ms)
			EditorAssembliesLoaded (0ms)
		ExecutionOrderSort2 (0ms)
		AwakeInstancesAfterBackupRestoration (6ms)
Refreshing native plugins compatible for Editor in 1.55 ms, found 3 plugins.
Preloading 0 native plugins for Editor in 0.00 ms.
Unloading 3087 Unused Serialized files (Serialized files now loaded: 0)
Unloading 24 unused Assets / (135.0 KB). Loaded Objects now: 3611.
Memory consumption went from 125.7 MB to 125.5 MB.
Total: 4.248800 ms (FindLiveObjects: 0.313100 ms CreateObjectMapping: 0.243900 ms MarkObjects: 3.537900 ms  DeleteObjects: 0.153100 ms)

Prepare: number of updated asset objects reloaded= 0
AssetImportParameters requested are different than current active one (requested -> active):
  custom:container-demuxer-ogg: 62fdf1f143b41e24485cea50d1cbac27 -> 
  custom:video-codec-MediaFoundation-h265: 746d11721c4dcdbdad8f713fa42b33f4 -> 
  custom:video-decoder-ogg-theora: a1e56fd34408186e4bbccfd4996cb3dc -> 
  custom:framework-win-MediaFoundation: 216162199b28c13a410421893ffa2e32 -> 
  custom:CustomObjectIndexerAttribute: 756ad292c208cfabdd7b50bc23989ffe -> 
  custom:container-demuxer-webm: 4f35f7cbe854078d1ac9338744f61a02 -> 
  custom:container-muxer-webm: aa71ff27fc2769a1b78a27578f13a17b -> 
  custom:video-decoder-webm-vp8: 9c59270c3fd7afecdb556c50c9e8de78 -> 
  custom:scripting/monoscript/fileName/FindSBNumer.cs: 198a05cfb84a2c1e05b5fcef3b42a20b -> 7d5f043e01fc57d3b84f26b1e636ad81
  custom:SearchIndexIgnoredProperties: e643bd26f0fe6173181afceb89e7c659 -> 
  custom:AudioImporter_EditorPlatform: d09bf68614088b80899f8185d706f6e7 -> 
  custom:scripting/monoscript/fileName/ProtectEffective.cs: 9f07128b65498bee0ea3adaef8542751 -> b257febbd637d8ad282c128adaadab58
  custom:scripting/monoscript/fileName/ReadmeStarSparrowEditor.cs: dd6fe5af4a98024fa125cf12547101f0 -> 
  custom:scripting/monoscript/fileName/ReadmeStarSparrow.cs: 74eefd30fb93b08501bc56ab6840dada -> 
  custom:video-encoder-webm-vp8: eb34c28f22e8b96e1ab97ce403110664 -> 
  custom:audio-decoder-ogg-vorbis: bf7c407c2cedff20999df2af8eb42d56 -> 
  custom:scripting/monoscript/fileName/SpecialBullet.cs: 845f341333d1daa8b5ba043f8d835d42 -> d7ad9781205612ab307c3057e8d4490a
  custom:audio-encoder-webm-vorbis: bf7c407c2cedff20999df2af8eb42d56 -> 
========================================================================
Received Prepare
Begin MonoManager ReloadAssembly
- Loaded All Assemblies, in  0.353 seconds
Refreshing native plugins compatible for Editor in 1.48 ms, found 3 plugins.
Native extension for WindowsStandalone target not found
Native extension for Android target not found
Native extension for WebGL target not found
[Package Manager] Server::EnsureServerProcessIsRunning -- launch failed, reason: Unity was launched with the -noUpm command-line argument
[Package Manager] UpmClient::Send -- Unable to send message (not connected to UPM process).
[Package Manager] Cannot connect to Unity Package Manager local server
Mono: successfully reloaded assembly
- Finished resetting the current domain, in  0.704 seconds
Domain Reload Profiling: 1057ms
	BeginReloadAssembly (137ms)
		ExecutionOrderSort (0ms)
		DisableScriptedObjects (4ms)
		BackupInstance (0ms)
		ReleaseScriptingObjects (0ms)
		CreateAndSetChildDomain (34ms)
	RebuildCommonClasses (27ms)
	RebuildNativeTypeToScriptingClass (9ms)
	initialDomainReloadingComplete (21ms)
	LoadAllAssembliesAndSetupDomain (159ms)
		LoadAssemblies (221ms)
		RebuildTransferFunctionScriptingTraits (0ms)
		AnalyzeDomain (9ms)
			TypeCache.Refresh (5ms)
				TypeCache.ScanAssembly (0ms)
			ScanForSourceGeneratedMonoScriptInfo (0ms)
			ResolveRequiredComponents (3ms)
	FinalizeReload (704ms)
		ReleaseScriptCaches (0ms)
		RebuildScriptCaches (0ms)
		SetupLoadedEditorAssemblies (372ms)
			LogAssemblyErrors (0ms)
			InitializePlatformSupportModulesInManaged (21ms)
			SetLoadedEditorAssemblies (5ms)
			RefreshPlugins (0ms)
			BeforeProcessingInitializeOnLoad (55ms)
			ProcessInitializeOnLoadAttributes (269ms)
			ProcessInitializeOnLoadMethodAttributes (19ms)
			AfterProcessingInitializeOnLoad (2ms)
			EditorAssembliesLoaded (0ms)
		ExecutionOrderSort2 (0ms)
		AwakeInstancesAfterBackupRestoration (6ms)
Refreshing native plugins compatible for Editor in 1.88 ms, found 3 plugins.
Preloading 0 native plugins for Editor in 0.00 ms.
Unloading 3087 Unused Serialized files (Serialized files now loaded: 0)
Unloading 24 unused Assets / (134.8 KB). Loaded Objects now: 3614.
Memory consumption went from 125.7 MB to 125.6 MB.
Total: 5.746200 ms (FindLiveObjects: 0.601700 ms CreateObjectMapping: 0.121500 ms MarkObjects: 4.799300 ms  DeleteObjects: 0.221800 ms)

Prepare: number of updated asset objects reloaded= 0
AssetImportParameters requested are different than current active one (requested -> active):
  custom:container-demuxer-ogg: 62fdf1f143b41e24485cea50d1cbac27 -> 
  custom:video-codec-MediaFoundation-h265: 746d11721c4dcdbdad8f713fa42b33f4 -> 
  custom:video-decoder-ogg-theora: a1e56fd34408186e4bbccfd4996cb3dc -> 
  custom:framework-win-MediaFoundation: 216162199b28c13a410421893ffa2e32 -> 
  custom:CustomObjectIndexerAttribute: 756ad292c208cfabdd7b50bc23989ffe -> 
  custom:container-demuxer-webm: 4f35f7cbe854078d1ac9338744f61a02 -> 
  custom:container-muxer-webm: aa71ff27fc2769a1b78a27578f13a17b -> 
  custom:video-decoder-webm-vp8: 9c59270c3fd7afecdb556c50c9e8de78 -> 
  custom:scripting/monoscript/fileName/FindSBNumer.cs: 198a05cfb84a2c1e05b5fcef3b42a20b -> 7d5f043e01fc57d3b84f26b1e636ad81
  custom:SearchIndexIgnoredProperties: e643bd26f0fe6173181afceb89e7c659 -> 
  custom:AudioImporter_EditorPlatform: d09bf68614088b80899f8185d706f6e7 -> 
  custom:scripting/monoscript/fileName/ProtectEffective.cs: 9f07128b65498bee0ea3adaef8542751 -> b257febbd637d8ad282c128adaadab58
  custom:scripting/monoscript/fileName/ReadmeStarSparrowEditor.cs: dd6fe5af4a98024fa125cf12547101f0 -> 
  custom:scripting/monoscript/fileName/ReadmeStarSparrow.cs: 74eefd30fb93b08501bc56ab6840dada -> 
  custom:video-encoder-webm-vp8: eb34c28f22e8b96e1ab97ce403110664 -> 
  custom:audio-decoder-ogg-vorbis: bf7c407c2cedff20999df2af8eb42d56 -> 
  custom:scripting/monoscript/fileName/SpecialBullet.cs: 845f341333d1daa8b5ba043f8d835d42 -> d7ad9781205612ab307c3057e8d4490a
  custom:audio-encoder-webm-vorbis: bf7c407c2cedff20999df2af8eb42d56 -> 
========================================================================
Received Import Request.
  Time since last request: 124.020812 seconds.
  path: Assets/BubbleShader/TazoShader/Bubble/Texture/TX_Flow_05.png
  artifactKey: Guid(4a7c78254fcf1704aa5d75f54a0e4fd8) Importer(815301076,1909f56bfc062723c751e8b465ee728b)
Start importing Assets/BubbleShader/TazoShader/Bubble/Texture/TX_Flow_05.png using Guid(4a7c78254fcf1704aa5d75f54a0e4fd8) Importer(815301076,1909f56bfc062723c751e8b465ee728b)  -> (artifact id: 'f622278cefae8ca9b1bfc898ff222b4b') in 0.048462 seconds
Number of updated asset objects reloaded before import = 0
Number of asset objects unloaded after import = 2
========================================================================
Received Import Request.
  Time since last request: 0.000024 seconds.
  path: Assets/BubbleShader/TazoShader/Bubble/Texture/TX_avatar_01.png
  artifactKey: Guid(fdb3b0330e7d814428a251d1e703d62c) Importer(815301076,1909f56bfc062723c751e8b465ee728b)
Start importing Assets/BubbleShader/TazoShader/Bubble/Texture/TX_avatar_01.png using Guid(fdb3b0330e7d814428a251d1e703d62c) Importer(815301076,1909f56bfc062723c751e8b465ee728b)  -> (artifact id: 'fe80cb830acb55f33c30ceda10a8e50f') in 0.016576 seconds
Number of updated asset objects reloaded before import = 0
Number of asset objects unloaded after import = 2
========================================================================
Received Import Request.
  Time since last request: 12.721843 seconds.
  path: Assets/BubbleShader/TazoShader/Bubble/Texture
  artifactKey: Guid(be720653a86a3f341babb5ed99bb9195) Importer(815301076,1909f56bfc062723c751e8b465ee728b)
Start importing Assets/BubbleShader/TazoShader/Bubble/Texture using Guid(be720653a86a3f341babb5ed99bb9195) Importer(815301076,1909f56bfc062723c751e8b465ee728b)  -> (artifact id: '828d3c8496aaf580ca22cb09138ec15f') in 0.000486 seconds
Number of updated asset objects reloaded before import = 0
Number of asset objects unloaded after import = 0
========================================================================
Received Import Request.
  Time since last request: 0.038235 seconds.
  path: Assets/BubbleShader/TazoShader/Bubble/Texture/TX_chrome.png
  artifactKey: Guid(73d4396da723ff742bc1692bb4ad29bd) Importer(815301076,1909f56bfc062723c751e8b465ee728b)
Start importing Assets/BubbleShader/TazoShader/Bubble/Texture/TX_chrome.png using Guid(73d4396da723ff742bc1692bb4ad29bd) Importer(815301076,1909f56bfc062723c751e8b465ee728b)  -> (artifact id: 'a61e3d3c26aeb0cd7c40bb76e150f921') in 0.016604 seconds
Number of updated asset objects reloaded before import = 0
Number of asset objects unloaded after import = 2
========================================================================
Received Import Request.
  Time since last request: 8.992186 seconds.
  path: Assets/BubbleShader/TazoShader/Bubble/Shader
  artifactKey: Guid(dd633938dad225a45bd7323baef7186d) Importer(815301076,1909f56bfc062723c751e8b465ee728b)
Start importing Assets/BubbleShader/TazoShader/Bubble/Shader using Guid(dd633938dad225a45bd7323baef7186d) Importer(815301076,1909f56bfc062723c751e8b465ee728b)  -> (artifact id: '0f76f926ef6ddbe0a1fa617e96aec21a') in 0.000694 seconds
Number of updated asset objects reloaded before import = 0
Number of asset objects unloaded after import = 0
========================================================================
Received Import Request.
  Time since last request: 2.156914 seconds.
  path: Assets/BubbleShader/TazoShader/Bubble/Shader/BubbleComplex.shader
  artifactKey: Guid(e69d2fd92f7f49f4db89d0933adb2d0f) Importer(815301076,1909f56bfc062723c751e8b465ee728b)
Start importing Assets/BubbleShader/TazoShader/Bubble/Shader/BubbleComplex.shader using Guid(e69d2fd92f7f49f4db89d0933adb2d0f) Importer(815301076,1909f56bfc062723c751e8b465ee728b)  -> (artifact id: '46956fec60f750038248b64169cfae28') in 0.000595 seconds
Number of updated asset objects reloaded before import = 0
Number of asset objects unloaded after import = 0
========================================================================
Received Import Request.
  Time since last request: 34.623997 seconds.
  path: Assets/Shader
  artifactKey: Guid(ef99111c0a184ed4d8b18812ab685938) Importer(815301076,1909f56bfc062723c751e8b465ee728b)
Start importing Assets/Shader using Guid(ef99111c0a184ed4d8b18812ab685938) Importer(815301076,1909f56bfc062723c751e8b465ee728b)  -> (artifact id: 'a521963f5d4fecb30eea05d8a7c37beb') in 0.000418 seconds
Number of updated asset objects reloaded before import = 0
Number of asset objects unloaded after import = 0
========================================================================
Received Import Request.
  Time since last request: 34.246757 seconds.
  path: Assets/Prefabs/Player.prefab
  artifactKey: Guid(47dcdceab087e6340a7b3bbb97aed5db) Importer(815301076,1909f56bfc062723c751e8b465ee728b)
Start importing Assets/Prefabs/Player.prefab using Guid(47dcdceab087e6340a7b3bbb97aed5db) Importer(815301076,1909f56bfc062723c751e8b465ee728b)  -> (artifact id: 'e7f3185847c437562edccba6eb1a81aa') in 0.096417 seconds
Number of updated asset objects reloaded before import = 0
Number of asset objects unloaded after import = 166
========================================================================
Received Import Request.
  Time since last request: 23.385095 seconds.
  path: Assets/Space Shooter Assets/Artwork/shoot
  artifactKey: Guid(638b0c29f8ea54a42b817c4580711bf3) Importer(815301076,1909f56bfc062723c751e8b465ee728b)
Start importing Assets/Space Shooter Assets/Artwork/shoot using Guid(638b0c29f8ea54a42b817c4580711bf3) Importer(815301076,1909f56bfc062723c751e8b465ee728b)  -> (artifact id: 'f615cf047841986eb22f7e6e474db1f0') in 0.000603 seconds
Number of updated asset objects reloaded before import = 0
Number of asset objects unloaded after import = 0
========================================================================
Received Import Request.
  Time since last request: 0.050789 seconds.
  path: Assets/Space Shooter Assets/Artwork/shoot/shoot1.png
  artifactKey: Guid(12291d9aa888b41c58f66187eb386317) Importer(815301076,1909f56bfc062723c751e8b465ee728b)
Start importing Assets/Space Shooter Assets/Artwork/shoot/shoot1.png using Guid(12291d9aa888b41c58f66187eb386317) Importer(815301076,1909f56bfc062723c751e8b465ee728b)  -> (artifact id: '5bd986382e4680a6d1c8a24d737b4b3a') in 0.028369 seconds
Number of updated asset objects reloaded before import = 0
Number of asset objects unloaded after import = 3
========================================================================
Received Import Request.
  Time since last request: 7.997331 seconds.
  path: Assets/Space Shooter Assets/Artwork/Sound FX
  artifactKey: Guid(1a146fbb57b874c158a3deed38cff987) Importer(815301076,1909f56bfc062723c751e8b465ee728b)
Start importing Assets/Space Shooter Assets/Artwork/Sound FX using Guid(1a146fbb57b874c158a3deed38cff987) Importer(815301076,1909f56bfc062723c751e8b465ee728b)  -> (artifact id: 'ab027a454bca349c760399208877cb18') in 0.000494 seconds
Number of updated asset objects reloaded before import = 0
Number of asset objects unloaded after import = 0
========================================================================
Received Import Request.
  Time since last request: 0.047062 seconds.
  path: Assets/Space Shooter Assets/Artwork/Sound FX/explosion.wav
  artifactKey: Guid(eeac7ff7e4ad44587b11429a7e7b8fc1) Importer(815301076,1909f56bfc062723c751e8b465ee728b)
Start importing Assets/Space Shooter Assets/Artwork/Sound FX/explosion.wav using Guid(eeac7ff7e4ad44587b11429a7e7b8fc1) Importer(815301076,1909f56bfc062723c751e8b465ee728b)  -> (artifact id: '3c7cad00da301a8e8f028a1c3e2ceb93') in 0.033574 seconds
Number of updated asset objects reloaded before import = 0
Number of asset objects unloaded after import = 2
========================================================================
Received Import Request.
  Time since last request: 0.000022 seconds.
  path: Assets/Space Shooter Assets/Artwork/Sound FX/shot 2.wav
  artifactKey: Guid(033b1daf4512444018111f90f909d172) Importer(815301076,1909f56bfc062723c751e8b465ee728b)
Start importing Assets/Space Shooter Assets/Artwork/Sound FX/shot 2.wav using Guid(033b1daf4512444018111f90f909d172) Importer(815301076,1909f56bfc062723c751e8b465ee728b)  -> (artifact id: '80371319bb116703529e994d467e8ff2') in 0.012237 seconds
Number of updated asset objects reloaded before import = 0
Number of asset objects unloaded after import = 2
========================================================================
Received Import Request.
  Time since last request: 26.540179 seconds.
  path: Assets/Space Shooter Assets/Artwork/music
  artifactKey: Guid(bb63e20f576574dd1aa3825f2488715e) Importer(815301076,1909f56bfc062723c751e8b465ee728b)
Start importing Assets/Space Shooter Assets/Artwork/music using Guid(bb63e20f576574dd1aa3825f2488715e) Importer(815301076,1909f56bfc062723c751e8b465ee728b)  -> (artifact id: '325fb4ae645ca2aa60cc7cda0b7d2c05') in 0.000486 seconds
Number of updated asset objects reloaded before import = 0
Number of asset objects unloaded after import = 0
========================================================================
Received Import Request.
  Time since last request: 0.054554 seconds.
  path: Assets/Space Shooter Assets/Artwork/music/space-asteroids.flac
  artifactKey: Guid(c6b1514e35f2c48e6b2d831f9540a4e6) Importer(815301076,1909f56bfc062723c751e8b465ee728b)
Start importing Assets/Space Shooter Assets/Artwork/music/space-asteroids.flac using Guid(c6b1514e35f2c48e6b2d831f9540a4e6) Importer(815301076,1909f56bfc062723c751e8b465ee728b)  -> (artifact id: 'fdb5d5f5acfacf26b8e4603ca0e1ad07') in 0.014365 seconds
Number of updated asset objects reloaded before import = 0
Number of asset objects unloaded after import = 2
========================================================================
Received Import Request.
  Time since last request: 30.276942 seconds.
  path: Assets/Space Shooter Assets/Artwork/Hit
  artifactKey: Guid(387bb00d1185a4624bd349833b1e435c) Importer(815301076,1909f56bfc062723c751e8b465ee728b)
Start importing Assets/Space Shooter Assets/Artwork/Hit using Guid(387bb00d1185a4624bd349833b1e435c) Importer(815301076,1909f56bfc062723c751e8b465ee728b)  -> (artifact id: 'b454a886dc51c9c740db0b6b44e85329') in 0.000523 seconds
Number of updated asset objects reloaded before import = 0
Number of asset objects unloaded after import = 0
========================================================================
Received Import Request.
  Time since last request: 0.448145 seconds.
  path: Assets/Space Shooter Assets/Artwork/Hit/hit1.png
  artifactKey: Guid(344ce97df529d4125a1c555b3d92ba25) Importer(815301076,1909f56bfc062723c751e8b465ee728b)
Start importing Assets/Space Shooter Assets/Artwork/Hit/hit1.png using Guid(344ce97df529d4125a1c555b3d92ba25) Importer(815301076,1909f56bfc062723c751e8b465ee728b)  -> (artifact id: 'c0b77ec4961a97a7b8a3a75f9e2d24d0') in 0.013711 seconds
Number of updated asset objects reloaded before import = 0
Number of asset objects unloaded after import = 3
========================================================================
Received Import Request.
  Time since last request: 0.000019 seconds.
  path: Assets/Space Shooter Assets/Artwork/Hit/hit3.png
  artifactKey: Guid(9e84baf0f02da4825856fdc1cf3de746) Importer(815301076,1909f56bfc062723c751e8b465ee728b)
Start importing Assets/Space Shooter Assets/Artwork/Hit/hit3.png using Guid(9e84baf0f02da4825856fdc1cf3de746) Importer(815301076,1909f56bfc062723c751e8b465ee728b)  -> (artifact id: '0911c63c79ff71123922d46eabc04954') in 0.019435 seconds
Number of updated asset objects reloaded before import = 0
Number of asset objects unloaded after import = 3
========================================================================
Received Import Request.
  Time since last request: 7.078532 seconds.
  path: Assets/Space Shooter Assets/Artwork/flash
  artifactKey: Guid(5e265e1c644154730b0eab63c865b3c4) Importer(815301076,1909f56bfc062723c751e8b465ee728b)
Start importing Assets/Space Shooter Assets/Artwork/flash using Guid(5e265e1c644154730b0eab63c865b3c4) Importer(815301076,1909f56bfc062723c751e8b465ee728b)  -> (artifact id: '03bab50b773e239fc728340efd970574') in 0.000894 seconds
Number of updated asset objects reloaded before import = 0
Number of asset objects unloaded after import = 0
========================================================================
Received Import Request.
  Time since last request: 0.040979 seconds.
  path: Assets/Space Shooter Assets/Artwork/flash/flash.png
  artifactKey: Guid(0e48d5aaf56184f408e3da666433a2d8) Importer(815301076,1909f56bfc062723c751e8b465ee728b)
Start importing Assets/Space Shooter Assets/Artwork/flash/flash.png using Guid(0e48d5aaf56184f408e3da666433a2d8) Importer(815301076,1909f56bfc062723c751e8b465ee728b)  -> (artifact id: 'eb0611dfeb85c73652ed28086e417083') in 0.018600 seconds
Number of updated asset objects reloaded before import = 0
Number of asset objects unloaded after import = 3
========================================================================
Received Import Request.
  Time since last request: 4.315451 seconds.
  path: Assets/Space Shooter Assets/Artwork/explosion
  artifactKey: Guid(8315cfb2ff6be4cc7b8723d482614797) Importer(815301076,1909f56bfc062723c751e8b465ee728b)
Start importing Assets/Space Shooter Assets/Artwork/explosion using Guid(8315cfb2ff6be4cc7b8723d482614797) Importer(815301076,1909f56bfc062723c751e8b465ee728b)  -> (artifact id: 'ae57c33c8f191112d49da7df6d5e1b33') in 0.000508 seconds
Number of updated asset objects reloaded before import = 0
Number of asset objects unloaded after import = 0
========================================================================
Received Import Request.
  Time since last request: 7.193495 seconds.
  path: Assets/Space Shooter Assets/Artwork/explosion/explosion1.png
  artifactKey: Guid(9351af7f3305f4bca90613c6b4cc65f4) Importer(815301076,1909f56bfc062723c751e8b465ee728b)
Start importing Assets/Space Shooter Assets/Artwork/explosion/explosion1.png using Guid(9351af7f3305f4bca90613c6b4cc65f4) Importer(815301076,1909f56bfc062723c751e8b465ee728b)  -> (artifact id: 'e444bb3d2da5b0bcd010e0b84153732e') in 0.013625 seconds
Number of updated asset objects reloaded before import = 0
Number of asset objects unloaded after import = 3
========================================================================
Received Import Request.
  Time since last request: 0.001171 seconds.
  path: Assets/Space Shooter Assets/Artwork/explosion/explosion4.png
  artifactKey: Guid(1545c5c7ab3a1437a97568048ac137fc) Importer(815301076,1909f56bfc062723c751e8b465ee728b)
Start importing Assets/Space Shooter Assets/Artwork/explosion/explosion4.png using Guid(1545c5c7ab3a1437a97568048ac137fc) Importer(815301076,1909f56bfc062723c751e8b465ee728b)  -> (artifact id: '2baa68717ebd8a18294d139d62d9150d') in 0.013557 seconds
Number of updated asset objects reloaded before import = 0
Number of asset objects unloaded after import = 3
========================================================================
Received Prepare
Begin MonoManager ReloadAssembly
- Loaded All Assemblies, in  0.399 seconds
Refreshing native plugins compatible for Editor in 2.23 ms, found 3 plugins.
Native extension for WindowsStandalone target not found
Native extension for Android target not found
Native extension for WebGL target not found
[Package Manager] Server::EnsureServerProcessIsRunning -- launch failed, reason: Unity was launched with the -noUpm command-line argument
[Package Manager] UpmClient::Send -- Unable to send message (not connected to UPM process).
[Package Manager] Cannot connect to Unity Package Manager local server
Mono: successfully reloaded assembly
- Finished resetting the current domain, in  0.820 seconds
Domain Reload Profiling: 1219ms
	BeginReloadAssembly (151ms)
		ExecutionOrderSort (0ms)
		DisableScriptedObjects (6ms)
		BackupInstance (0ms)
		ReleaseScriptingObjects (0ms)
		CreateAndSetChildDomain (47ms)
	RebuildCommonClasses (28ms)
	RebuildNativeTypeToScriptingClass (11ms)
	initialDomainReloadingComplete (21ms)
	LoadAllAssembliesAndSetupDomain (187ms)
		LoadAssemblies (244ms)
		RebuildTransferFunctionScriptingTraits (0ms)
		AnalyzeDomain (14ms)
			TypeCache.Refresh (6ms)
				TypeCache.ScanAssembly (0ms)
			ScanForSourceGeneratedMonoScriptInfo (0ms)
			ResolveRequiredComponents (6ms)
	FinalizeReload (820ms)
		ReleaseScriptCaches (0ms)
		RebuildScriptCaches (0ms)
		SetupLoadedEditorAssemblies (398ms)
			LogAssemblyErrors (0ms)
			InitializePlatformSupportModulesInManaged (29ms)
			SetLoadedEditorAssemblies (6ms)
			RefreshPlugins (0ms)
			BeforeProcessingInitializeOnLoad (62ms)
			ProcessInitializeOnLoadAttributes (276ms)
			ProcessInitializeOnLoadMethodAttributes (23ms)
			AfterProcessingInitializeOnLoad (2ms)
			EditorAssembliesLoaded (0ms)
		ExecutionOrderSort2 (0ms)
		AwakeInstancesAfterBackupRestoration (8ms)
Refreshing native plugins compatible for Editor in 1.71 ms, found 3 plugins.
Preloading 0 native plugins for Editor in 0.00 ms.
Unloading 3084 Unused Serialized files (Serialized files now loaded: 0)
Unloading 22 unused Assets / (30.5 KB). Loaded Objects now: 3632.
Memory consumption went from 124.8 MB to 124.8 MB.
Total: 4.384300 ms (FindLiveObjects: 0.647800 ms CreateObjectMapping: 0.271500 ms MarkObjects: 3.408200 ms  DeleteObjects: 0.055500 ms)

Prepare: number of updated asset objects reloaded= 0
AssetImportParameters requested are different than current active one (requested -> active):
  custom:container-demuxer-ogg: 62fdf1f143b41e24485cea50d1cbac27 -> 
  custom:video-codec-MediaFoundation-h265: 746d11721c4dcdbdad8f713fa42b33f4 -> 
  custom:video-decoder-ogg-theora: a1e56fd34408186e4bbccfd4996cb3dc -> 
  custom:framework-win-MediaFoundation: 216162199b28c13a410421893ffa2e32 -> 
  custom:CustomObjectIndexerAttribute: 756ad292c208cfabdd7b50bc23989ffe -> 
  custom:container-demuxer-webm: 4f35f7cbe854078d1ac9338744f61a02 -> 
  custom:container-muxer-webm: aa71ff27fc2769a1b78a27578f13a17b -> 
  custom:video-decoder-webm-vp8: 9c59270c3fd7afecdb556c50c9e8de78 -> 
  custom:scripting/monoscript/fileName/FindSBNumer.cs: 198a05cfb84a2c1e05b5fcef3b42a20b -> 7d5f043e01fc57d3b84f26b1e636ad81
  custom:SearchIndexIgnoredProperties: e643bd26f0fe6173181afceb89e7c659 -> 
  custom:AudioImporter_EditorPlatform: d09bf68614088b80899f8185d706f6e7 -> 
  custom:scripting/monoscript/fileName/ProtectEffective.cs: 9f07128b65498bee0ea3adaef8542751 -> b257febbd637d8ad282c128adaadab58
  custom:scripting/monoscript/fileName/ReadmeStarSparrowEditor.cs: dd6fe5af4a98024fa125cf12547101f0 -> 
  custom:scripting/monoscript/fileName/ReadmeStarSparrow.cs: 74eefd30fb93b08501bc56ab6840dada -> 
  custom:video-encoder-webm-vp8: eb34c28f22e8b96e1ab97ce403110664 -> 
  custom:audio-decoder-ogg-vorbis: bf7c407c2cedff20999df2af8eb42d56 -> 
  custom:scripting/monoscript/fileName/SpecialBullet.cs: 845f341333d1daa8b5ba043f8d835d42 -> d7ad9781205612ab307c3057e8d4490a
  custom:audio-encoder-webm-vorbis: bf7c407c2cedff20999df2af8eb42d56 -> 
========================================================================
Received Import Request.
  Time since last request: 47.936509 seconds.
  path: Assets/Prefabs/Enemy.1.prefab
  artifactKey: Guid(2e0aa16df67d2154381fdf27bfb6b121) Importer(815301076,1909f56bfc062723c751e8b465ee728b)
Start importing Assets/Prefabs/Enemy.1.prefab using Guid(2e0aa16df67d2154381fdf27bfb6b121) Importer(815301076,1909f56bfc062723c751e8b465ee728b)  -> (artifact id: '641befa347ca43213d2e7d75b8d6f17f') in 0.107568 seconds
Number of updated asset objects reloaded before import = 0
Number of asset objects unloaded after import = 135
========================================================================
Received Import Request.
  Time since last request: 0.000022 seconds.
  path: Assets/Prefabs/SpecialBullet.prefab
  artifactKey: Guid(6d7189f2dc2150949919cda932d3cb85) Importer(815301076,1909f56bfc062723c751e8b465ee728b)
Start importing Assets/Prefabs/SpecialBullet.prefab using Guid(6d7189f2dc2150949919cda932d3cb85) Importer(815301076,1909f56bfc062723c751e8b465ee728b)  -> (artifact id: '5e94ba2ab84b47343c4790c11ea9bbc4') in 0.018923 seconds
Number of updated asset objects reloaded before import = 0
Number of asset objects unloaded after import = 50
Editor requested this worker to shutdown with reason: Scaling down because of idle timeout
TcpMessagingSession - receive error: operation aborted. errorcode: 995, details: The I/O operation has been aborted because of either a thread exit or an application request.
AssetImportWorker is now disconnected from the server
Process exiting
Exiting without the bug reporter. Application will terminate with return code 0