Using pre-set license
Built from '2022.3/staging' branch; Version is '2022.3.10f1 (ff3792e53c62) revision 16725906'; Using compiler version '192829333'; Build Type 'Release'
OS: 'Windows 11  (10.0.22621) 64bit Core' Language: 'en' Physical Memory: 15774 MB
BatchMode: 1, IsHumanControllingUs: 0, StartBugReporterOnCrash: 0, Is64bit: 1, IsPro: 1

COMMAND LINE ARGUMENTS:
D:\Unity\UnityVersion\2022.3.10f1\Editor\Unity.exe
-adb2
-batchMode
-noUpm
-name
AssetImportWorker26
-projectPath
D:/Portfolio/Portfolio/Space War
-logFile
Logs/AssetImportWorker26.log
-srvPort
49277
Successfully changed project path to: D:/Portfolio/Portfolio/Space War
D:/Portfolio/Portfolio/Space War
[UnityMemory] Configuration Parameters - Can be set up in boot.config
    "memorysetup-bucket-allocator-granularity=16"
    "memorysetup-bucket-allocator-bucket-count=8"
    "memorysetup-bucket-allocator-block-size=33554432"
    "memorysetup-bucket-allocator-block-count=8"
    "memorysetup-main-allocator-block-size=16777216"
    "memorysetup-thread-allocator-block-size=16777216"
    "memorysetup-gfx-main-allocator-block-size=16777216"
    "memorysetup-gfx-thread-allocator-block-size=16777216"
    "memorysetup-cache-allocator-block-size=4194304"
    "memorysetup-typetree-allocator-block-size=2097152"
    "memorysetup-profiler-bucket-allocator-granularity=16"
    "memorysetup-profiler-bucket-allocator-bucket-count=8"
    "memorysetup-profiler-bucket-allocator-block-size=33554432"
    "memorysetup-profiler-bucket-allocator-block-count=8"
    "memorysetup-profiler-allocator-block-size=16777216"
    "memorysetup-profiler-editor-allocator-block-size=1048576"
    "memorysetup-temp-allocator-size-main=16777216"
    "memorysetup-job-temp-allocator-block-size=2097152"
    "memorysetup-job-temp-allocator-block-size-background=1048576"
    "memorysetup-job-temp-allocator-reduction-small-platforms=262144"
    "memorysetup-allocator-temp-initial-block-size-main=262144"
    "memorysetup-allocator-temp-initial-block-size-worker=262144"
    "memorysetup-temp-allocator-size-background-worker=32768"
    "memorysetup-temp-allocator-size-job-worker=262144"
    "memorysetup-temp-allocator-size-preload-manager=33554432"
    "memorysetup-temp-allocator-size-nav-mesh-worker=65536"
    "memorysetup-temp-allocator-size-audio-worker=65536"
    "memorysetup-temp-allocator-size-cloud-worker=32768"
    "memorysetup-temp-allocator-size-gi-baking-worker=262144"
    "memorysetup-temp-allocator-size-gfx=262144"
Player connection [37856] Host "[IP] 100.65.183.206 [Port] 0 [Flags] 2 [Guid] 559762065 [EditorId] 559762065 [Version] 1048832 [Id] WindowsEditor(7,shala) [Debug] 1 [PackageName] WindowsEditor [ProjectName] Editor" joined multi-casting on [225.0.0.222:54997]...

Player connection [37856] Host "[IP] 100.65.183.206 [Port] 0 [Flags] 2 [Guid] 559762065 [EditorId] 559762065 [Version] 1048832 [Id] WindowsEditor(7,shala) [Debug] 1 [PackageName] WindowsEditor [ProjectName] Editor" joined alternative multi-casting on [225.0.0.222:34997]...

[Physics::Module] Initialized MultithreadedJobDispatcher with 15 workers.
Refreshing native plugins compatible for Editor in 3.99 ms, found 3 plugins.
Preloading 0 native plugins for Editor in 0.00 ms.
Initialize engine version: 2022.3.10f1 (ff3792e53c62)
[Subsystems] Discovering subsystems at path D:/Unity/UnityVersion/2022.3.10f1/Editor/Data/Resources/UnitySubsystems
[Subsystems] Discovering subsystems at path D:/Portfolio/Portfolio/Space War/Assets
GfxDevice: creating device client; threaded=0; jobified=0
Direct3D:
    Version:  Direct3D 11.0 [level 11.1]
    Renderer: AMD Radeon RX 6800M (ID=0x73df)
    Vendor:   ATI
    VRAM:     12242 MB
    Driver:   31.0.21031.1005
Initialize mono
Mono path[0] = 'D:/Unity/UnityVersion/2022.3.10f1/Editor/Data/Managed'
Mono path[1] = 'D:/Unity/UnityVersion/2022.3.10f1/Editor/Data/MonoBleedingEdge/lib/mono/unityjit-win32'
Mono config path = 'D:/Unity/UnityVersion/2022.3.10f1/Editor/Data/MonoBleedingEdge/etc'
Using monoOptions --debugger-agent=transport=dt_socket,embedding=1,server=y,suspend=n,address=127.0.0.1:56072
Begin MonoManager ReloadAssembly
Registering precompiled unity dll's ...
Register platform support module: D:/Unity/UnityVersion/2022.3.10f1/Editor/Data/PlaybackEngines/WebGLSupport/UnityEditor.WebGL.Extensions.dll
Register platform support module: D:/Unity/UnityVersion/2022.3.10f1/Editor/Data/PlaybackEngines/AndroidPlayer/UnityEditor.Android.Extensions.dll
Register platform support module: D:/Unity/UnityVersion/2022.3.10f1/Editor/Data/PlaybackEngines/WindowsStandaloneSupport/UnityEditor.WindowsStandalone.Extensions.dll
Registered in 0.003717 seconds.
- Loaded All Assemblies, in  0.453 seconds
Native extension for WindowsStandalone target not found
Native extension for Android target not found
Android Extension - Scanning For ADB Devices 307 ms
Native extension for WebGL target not found
Mono: successfully reloaded assembly
- Finished resetting the current domain, in  0.594 seconds
Domain Reload Profiling: 1047ms
	BeginReloadAssembly (167ms)
		ExecutionOrderSort (0ms)
		DisableScriptedObjects (0ms)
		BackupInstance (0ms)
		ReleaseScriptingObjects (0ms)
		CreateAndSetChildDomain (1ms)
	RebuildCommonClasses (44ms)
	RebuildNativeTypeToScriptingClass (9ms)
	initialDomainReloadingComplete (50ms)
	LoadAllAssembliesAndSetupDomain (182ms)
		LoadAssemblies (171ms)
		RebuildTransferFunctionScriptingTraits (0ms)
		AnalyzeDomain (177ms)
			TypeCache.Refresh (176ms)
				TypeCache.ScanAssembly (158ms)
			ScanForSourceGeneratedMonoScriptInfo (0ms)
			ResolveRequiredComponents (0ms)
	FinalizeReload (594ms)
		ReleaseScriptCaches (0ms)
		RebuildScriptCaches (0ms)
		SetupLoadedEditorAssemblies (547ms)
			LogAssemblyErrors (0ms)
			InitializePlatformSupportModulesInManaged (409ms)
			SetLoadedEditorAssemblies (4ms)
			RefreshPlugins (0ms)
			BeforeProcessingInitializeOnLoad (2ms)
			ProcessInitializeOnLoadAttributes (92ms)
			ProcessInitializeOnLoadMethodAttributes (41ms)
			AfterProcessingInitializeOnLoad (0ms)
			EditorAssembliesLoaded (0ms)
		ExecutionOrderSort2 (0ms)
		AwakeInstancesAfterBackupRestoration (0ms)
========================================================================
Worker process is ready to serve import requests
Begin MonoManager ReloadAssembly
- Loaded All Assemblies, in  0.606 seconds
Refreshing native plugins compatible for Editor in 1.56 ms, found 3 plugins.
Native extension for WindowsStandalone target not found
Native extension for Android target not found
Native extension for WebGL target not found
Package Manager log level set to [2]
[Package Manager] Server::EnsureServerProcessIsRunning -- launch failed, reason: Unity was launched with the -noUpm command-line argument
[Package Manager] UpmClient::Send -- Unable to send message (not connected to UPM process).
[Package Manager] Cannot connect to Unity Package Manager local server
Mono: successfully reloaded assembly
- Finished resetting the current domain, in  0.551 seconds
Domain Reload Profiling: 1158ms
	BeginReloadAssembly (144ms)
		ExecutionOrderSort (0ms)
		DisableScriptedObjects (5ms)
		BackupInstance (0ms)
		ReleaseScriptingObjects (0ms)
		CreateAndSetChildDomain (23ms)
	RebuildCommonClasses (24ms)
	RebuildNativeTypeToScriptingClass (8ms)
	initialDomainReloadingComplete (36ms)
	LoadAllAssembliesAndSetupDomain (394ms)
		LoadAssemblies (307ms)
		RebuildTransferFunctionScriptingTraits (0ms)
		AnalyzeDomain (172ms)
			TypeCache.Refresh (154ms)
				TypeCache.ScanAssembly (138ms)
			ScanForSourceGeneratedMonoScriptInfo (12ms)
			ResolveRequiredComponents (4ms)
	FinalizeReload (552ms)
		ReleaseScriptCaches (0ms)
		RebuildScriptCaches (0ms)
		SetupLoadedEditorAssemblies (388ms)
			LogAssemblyErrors (0ms)
			InitializePlatformSupportModulesInManaged (23ms)
			SetLoadedEditorAssemblies (4ms)
			RefreshPlugins (0ms)
			BeforeProcessingInitializeOnLoad (58ms)
			ProcessInitializeOnLoadAttributes (282ms)
			ProcessInitializeOnLoadMethodAttributes (19ms)
			AfterProcessingInitializeOnLoad (2ms)
			EditorAssembliesLoaded (0ms)
		ExecutionOrderSort2 (0ms)
		AwakeInstancesAfterBackupRestoration (6ms)
Launched and connected shader compiler UnityShaderCompiler.exe after 0.05 seconds
Refreshing native plugins compatible for Editor in 1.50 ms, found 3 plugins.
Preloading 0 native plugins for Editor in 0.00 ms.
Unloading 3092 Unused Serialized files (Serialized files now loaded: 0)
Unloading 31 unused Assets / (56.4 KB). Loaded Objects now: 3566.
Memory consumption went from 126.4 MB to 126.3 MB.
Total: 3.094700 ms (FindLiveObjects: 0.233600 ms CreateObjectMapping: 0.076800 ms MarkObjects: 2.690900 ms  DeleteObjects: 0.092600 ms)

AssetImportParameters requested are different than current active one (requested -> active):
  custom:container-demuxer-ogg: 62fdf1f143b41e24485cea50d1cbac27 -> 
  custom:video-codec-MediaFoundation-h265: 746d11721c4dcdbdad8f713fa42b33f4 -> 
  custom:video-decoder-ogg-theora: a1e56fd34408186e4bbccfd4996cb3dc -> 
  custom:framework-win-MediaFoundation: 216162199b28c13a410421893ffa2e32 -> 
  custom:CustomObjectIndexerAttribute: 756ad292c208cfabdd7b50bc23989ffe -> 
  custom:container-demuxer-webm: 4f35f7cbe854078d1ac9338744f61a02 -> 
  custom:container-muxer-webm: aa71ff27fc2769a1b78a27578f13a17b -> 
  custom:video-decoder-webm-vp8: 9c59270c3fd7afecdb556c50c9e8de78 -> 
  custom:scripting/monoscript/fileName/FindSBNumer.cs: 198a05cfb84a2c1e05b5fcef3b42a20b -> 7d5f043e01fc57d3b84f26b1e636ad81
  custom:SearchIndexIgnoredProperties: e643bd26f0fe6173181afceb89e7c659 -> 
  custom:AudioImporter_EditorPlatform: d09bf68614088b80899f8185d706f6e7 -> 
  custom:scripting/monoscript/fileName/ProtectEffective.cs: 9f07128b65498bee0ea3adaef8542751 -> b257febbd637d8ad282c128adaadab58
  custom:scripting/monoscript/fileName/ReadmeStarSparrowEditor.cs: dd6fe5af4a98024fa125cf12547101f0 -> 
  custom:scripting/monoscript/fileName/ReadmeStarSparrow.cs: 74eefd30fb93b08501bc56ab6840dada -> 
  custom:video-encoder-webm-vp8: eb34c28f22e8b96e1ab97ce403110664 -> 
  custom:audio-decoder-ogg-vorbis: bf7c407c2cedff20999df2af8eb42d56 -> 
  custom:scripting/monoscript/fileName/SpecialBullet.cs: 845f341333d1daa8b5ba043f8d835d42 -> d7ad9781205612ab307c3057e8d4490a
  custom:audio-encoder-webm-vorbis: bf7c407c2cedff20999df2af8eb42d56 -> 
========================================================================
Received Import Request.
  Time since last request: 592306.155286 seconds.
  path: Assets/Textures/BigBoss_AO.tif
  artifactKey: Guid(1c2d94856a0846d46810faf0c4b38c22) Importer(815301076,1909f56bfc062723c751e8b465ee728b)
Start importing Assets/Textures/BigBoss_AO.tif using Guid(1c2d94856a0846d46810faf0c4b38c22) Importer(815301076,1909f56bfc062723c751e8b465ee728b)  -> (artifact id: '92caac30384e2b1982f592b8c6cd06d7') in 0.056177 seconds
Number of updated asset objects reloaded before import = 0
Number of asset objects unloaded after import = 2
========================================================================
Received Import Request.
  Time since last request: 8.049578 seconds.
  path: Assets/Textures/BigBoss_glow.tif
  artifactKey: Guid(138840311186e0945877b44cd56ef422) Importer(815301076,1909f56bfc062723c751e8b465ee728b)
Start importing Assets/Textures/BigBoss_glow.tif using Guid(138840311186e0945877b44cd56ef422) Importer(815301076,1909f56bfc062723c751e8b465ee728b)  -> (artifact id: '839a299b342a102608289cc4d2fcab7c') in 0.008607 seconds
Number of updated asset objects reloaded before import = 0
Number of asset objects unloaded after import = 2
========================================================================
Received Import Request.
  Time since last request: 7.350856 seconds.
  path: Assets/Textures/BigBoss_Green.tif
  artifactKey: Guid(b3b46c34242010445b60790dee02de1b) Importer(815301076,1909f56bfc062723c751e8b465ee728b)
Start importing Assets/Textures/BigBoss_Green.tif using Guid(b3b46c34242010445b60790dee02de1b) Importer(815301076,1909f56bfc062723c751e8b465ee728b)  -> (artifact id: 'b28ca5be185a5238d6cab6d2608b23f2') in 0.014220 seconds
Number of updated asset objects reloaded before import = 0
Number of asset objects unloaded after import = 2
========================================================================
Received Import Request.
  Time since last request: 5.161079 seconds.
  path: Assets/Textures/bigBoss_metallic.tif
  artifactKey: Guid(9727a61ea56c9a844b9eed9b30317414) Importer(815301076,1909f56bfc062723c751e8b465ee728b)
Start importing Assets/Textures/bigBoss_metallic.tif using Guid(9727a61ea56c9a844b9eed9b30317414) Importer(815301076,1909f56bfc062723c751e8b465ee728b)  -> (artifact id: '58a262c97b07ecd6ee5a470eebfb58b8') in 0.007408 seconds
Number of updated asset objects reloaded before import = 0
Number of asset objects unloaded after import = 2
========================================================================
Received Import Request.
  Time since last request: 8.450536 seconds.
  path: Assets/Textures/BigBoss_normal.tif
  artifactKey: Guid(f6c7a92433d238a47a9cf48355a071ff) Importer(815301076,1909f56bfc062723c751e8b465ee728b)
Start importing Assets/Textures/BigBoss_normal.tif using Guid(f6c7a92433d238a47a9cf48355a071ff) Importer(815301076,1909f56bfc062723c751e8b465ee728b)  -> (artifact id: '7335f0b09275bc72e6bae1d8f1570763') in 0.022826 seconds
Number of updated asset objects reloaded before import = 0
Number of asset objects unloaded after import = 2
========================================================================
Received Import Request.
  Time since last request: 5.224961 seconds.
  path: Assets/Textures/BigBoss_roughness.tif
  artifactKey: Guid(e7c748002a5bf3b4bbca642f1617c325) Importer(815301076,1909f56bfc062723c751e8b465ee728b)
Start importing Assets/Textures/BigBoss_roughness.tif using Guid(e7c748002a5bf3b4bbca642f1617c325) Importer(815301076,1909f56bfc062723c751e8b465ee728b)  -> (artifact id: '792c6537c39bc099e2c86d527a4b6674') in 0.016096 seconds
Number of updated asset objects reloaded before import = 0
Number of asset objects unloaded after import = 2
========================================================================
Received Prepare
Begin MonoManager ReloadAssembly
- Loaded All Assemblies, in  0.405 seconds
Refreshing native plugins compatible for Editor in 1.25 ms, found 3 plugins.
Native extension for WindowsStandalone target not found
Native extension for Android target not found
Native extension for WebGL target not found
[Package Manager] Server::EnsureServerProcessIsRunning -- launch failed, reason: Unity was launched with the -noUpm command-line argument
[Package Manager] UpmClient::Send -- Unable to send message (not connected to UPM process).
[Package Manager] Cannot connect to Unity Package Manager local server
Mono: successfully reloaded assembly
- Finished resetting the current domain, in  0.725 seconds
Domain Reload Profiling: 1130ms
	BeginReloadAssembly (157ms)
		ExecutionOrderSort (0ms)
		DisableScriptedObjects (4ms)
		BackupInstance (0ms)
		ReleaseScriptingObjects (0ms)
		CreateAndSetChildDomain (52ms)
	RebuildCommonClasses (27ms)
	RebuildNativeTypeToScriptingClass (9ms)
	initialDomainReloadingComplete (19ms)
	LoadAllAssembliesAndSetupDomain (193ms)
		LoadAssemblies (245ms)
		RebuildTransferFunctionScriptingTraits (0ms)
		AnalyzeDomain (21ms)
			TypeCache.Refresh (9ms)
				TypeCache.ScanAssembly (0ms)
			ScanForSourceGeneratedMonoScriptInfo (7ms)
			ResolveRequiredComponents (4ms)
	FinalizeReload (725ms)
		ReleaseScriptCaches (0ms)
		RebuildScriptCaches (0ms)
		SetupLoadedEditorAssemblies (392ms)
			LogAssemblyErrors (0ms)
			InitializePlatformSupportModulesInManaged (17ms)
			SetLoadedEditorAssemblies (4ms)
			RefreshPlugins (0ms)
			BeforeProcessingInitializeOnLoad (66ms)
			ProcessInitializeOnLoadAttributes (281ms)
			ProcessInitializeOnLoadMethodAttributes (21ms)
			AfterProcessingInitializeOnLoad (3ms)
			EditorAssembliesLoaded (0ms)
		ExecutionOrderSort2 (0ms)
		AwakeInstancesAfterBackupRestoration (6ms)
Refreshing native plugins compatible for Editor in 2.04 ms, found 3 plugins.
Preloading 0 native plugins for Editor in 0.00 ms.
Unloading 3084 Unused Serialized files (Serialized files now loaded: 0)
Unloading 22 unused Assets / (30.6 KB). Loaded Objects now: 3575.
Memory consumption went from 124.4 MB to 124.3 MB.
Total: 3.684100 ms (FindLiveObjects: 0.274900 ms CreateObjectMapping: 0.182100 ms MarkObjects: 3.134700 ms  DeleteObjects: 0.090500 ms)

Prepare: number of updated asset objects reloaded= 0
AssetImportParameters requested are different than current active one (requested -> active):
  custom:container-demuxer-ogg: 62fdf1f143b41e24485cea50d1cbac27 -> 
  custom:video-codec-MediaFoundation-h265: 746d11721c4dcdbdad8f713fa42b33f4 -> 
  custom:video-decoder-ogg-theora: a1e56fd34408186e4bbccfd4996cb3dc -> 
  custom:framework-win-MediaFoundation: 216162199b28c13a410421893ffa2e32 -> 
  custom:CustomObjectIndexerAttribute: 756ad292c208cfabdd7b50bc23989ffe -> 
  custom:container-demuxer-webm: 4f35f7cbe854078d1ac9338744f61a02 -> 
  custom:container-muxer-webm: aa71ff27fc2769a1b78a27578f13a17b -> 
  custom:video-decoder-webm-vp8: 9c59270c3fd7afecdb556c50c9e8de78 -> 
  custom:scripting/monoscript/fileName/FindSBNumer.cs: 198a05cfb84a2c1e05b5fcef3b42a20b -> 7d5f043e01fc57d3b84f26b1e636ad81
  custom:SearchIndexIgnoredProperties: e643bd26f0fe6173181afceb89e7c659 -> 
  custom:AudioImporter_EditorPlatform: d09bf68614088b80899f8185d706f6e7 -> 
  custom:scripting/monoscript/fileName/ProtectEffective.cs: 9f07128b65498bee0ea3adaef8542751 -> b257febbd637d8ad282c128adaadab58
  custom:scripting/monoscript/fileName/ReadmeStarSparrowEditor.cs: dd6fe5af4a98024fa125cf12547101f0 -> 
  custom:scripting/monoscript/fileName/ReadmeStarSparrow.cs: 74eefd30fb93b08501bc56ab6840dada -> 
  custom:video-encoder-webm-vp8: eb34c28f22e8b96e1ab97ce403110664 -> 
  custom:audio-decoder-ogg-vorbis: bf7c407c2cedff20999df2af8eb42d56 -> 
  custom:scripting/monoscript/fileName/SpecialBullet.cs: 845f341333d1daa8b5ba043f8d835d42 -> d7ad9781205612ab307c3057e8d4490a
  custom:audio-encoder-webm-vorbis: bf7c407c2cedff20999df2af8eb42d56 -> 
========================================================================
Received Import Request.
  Time since last request: 90.392274 seconds.
  path: Assets/Luminaris Starship/Prefabs/Luminaris Starship.prefab
  artifactKey: Guid(e5078c17b52bb014882bc0363c060079) Importer(815301076,1909f56bfc062723c751e8b465ee728b)
Start importing Assets/Luminaris Starship/Prefabs/Luminaris Starship.prefab using Guid(e5078c17b52bb014882bc0363c060079) Importer(815301076,1909f56bfc062723c751e8b465ee728b)  -> (artifact id: 'bf032433df3cadd3e790174399a2f75d') in 0.106430 seconds
Number of updated asset objects reloaded before import = 0
Number of asset objects unloaded after import = 49
========================================================================
Received Import Request.
  Time since last request: 33.238277 seconds.
  path: Assets/StarfieldMaterials
  artifactKey: Guid(8a11e116dc9b545498300d43771d7832) Importer(815301076,1909f56bfc062723c751e8b465ee728b)
Start importing Assets/StarfieldMaterials using Guid(8a11e116dc9b545498300d43771d7832) Importer(815301076,1909f56bfc062723c751e8b465ee728b)  -> (artifact id: 'f97b72edf22d40cd9bd29d29e53beab1') in 0.000547 seconds
Number of updated asset objects reloaded before import = 0
Number of asset objects unloaded after import = 0
========================================================================
Received Import Request.
  Time since last request: 2.434654 seconds.
  path: Assets/StarfieldMaterials/Textures
  artifactKey: Guid(8f41b23badd3db64f9b047a192436638) Importer(815301076,1909f56bfc062723c751e8b465ee728b)
Start importing Assets/StarfieldMaterials/Textures using Guid(8f41b23badd3db64f9b047a192436638) Importer(815301076,1909f56bfc062723c751e8b465ee728b)  -> (artifact id: '4fcf7be114bfb1e94a2ed76c6e57b7cd') in 0.000564 seconds
Number of updated asset objects reloaded before import = 0
Number of asset objects unloaded after import = 0
========================================================================
Received Import Request.
  Time since last request: 2.398765 seconds.
  path: Assets/StarfieldMaterials/Textures/Plain Starfields
  artifactKey: Guid(6471a7c7a8ef7594ebe37be350cb4e9b) Importer(815301076,1909f56bfc062723c751e8b465ee728b)
Start importing Assets/StarfieldMaterials/Textures/Plain Starfields using Guid(6471a7c7a8ef7594ebe37be350cb4e9b) Importer(815301076,1909f56bfc062723c751e8b465ee728b)  -> (artifact id: '7757416d0192f8ddf1af14e576fd4089') in 0.000409 seconds
Number of updated asset objects reloaded before import = 0
Number of asset objects unloaded after import = 0
========================================================================
Received Import Request.
  Time since last request: 0.061002 seconds.
  path: Assets/StarfieldMaterials/Textures/Plain Starfields/PlainStarfield_01.png
  artifactKey: Guid(a63e1f65418ac804b89b705260d13a16) Importer(815301076,1909f56bfc062723c751e8b465ee728b)
Start importing Assets/StarfieldMaterials/Textures/Plain Starfields/PlainStarfield_01.png using Guid(a63e1f65418ac804b89b705260d13a16) Importer(815301076,1909f56bfc062723c751e8b465ee728b)  -> (artifact id: '84acc7ce89860586be2da86b4312de3b') in 0.017751 seconds
Number of updated asset objects reloaded before import = 0
Number of asset objects unloaded after import = 2
========================================================================
Received Import Request.
  Time since last request: 0.000017 seconds.
  path: Assets/StarfieldMaterials/Textures/Plain Starfields/PlainStarfield_03.png
  artifactKey: Guid(fcc746ac4fb800f41a7c1dd4bc0005ee) Importer(815301076,1909f56bfc062723c751e8b465ee728b)
Start importing Assets/StarfieldMaterials/Textures/Plain Starfields/PlainStarfield_03.png using Guid(fcc746ac4fb800f41a7c1dd4bc0005ee) Importer(815301076,1909f56bfc062723c751e8b465ee728b)  -> (artifact id: 'e4a4fbac2c34aef5940ab298086da8b7') in 0.018267 seconds
Number of updated asset objects reloaded before import = 0
Number of asset objects unloaded after import = 2
========================================================================
Received Import Request.
  Time since last request: 0.000018 seconds.
  path: Assets/StarfieldMaterials/Textures/Plain Starfields/PlainStarfield_04.png
  artifactKey: Guid(3967a03b335a71a42ac2f18c85e10d36) Importer(815301076,1909f56bfc062723c751e8b465ee728b)
Start importing Assets/StarfieldMaterials/Textures/Plain Starfields/PlainStarfield_04.png using Guid(3967a03b335a71a42ac2f18c85e10d36) Importer(815301076,1909f56bfc062723c751e8b465ee728b)  -> (artifact id: '719ee1d8916a3ed86fc702f8df87fb98') in 0.017882 seconds
Number of updated asset objects reloaded before import = 0
Number of asset objects unloaded after import = 2
========================================================================
Received Prepare
Begin MonoManager ReloadAssembly
- Loaded All Assemblies, in  0.344 seconds
Refreshing native plugins compatible for Editor in 1.26 ms, found 3 plugins.
Native extension for WindowsStandalone target not found
Native extension for Android target not found
Native extension for WebGL target not found
[Package Manager] Server::EnsureServerProcessIsRunning -- launch failed, reason: Unity was launched with the -noUpm command-line argument
[Package Manager] UpmClient::Send -- Unable to send message (not connected to UPM process).
[Package Manager] Cannot connect to Unity Package Manager local server
Mono: successfully reloaded assembly
- Finished resetting the current domain, in  0.687 seconds
Domain Reload Profiling: 1031ms
	BeginReloadAssembly (134ms)
		ExecutionOrderSort (0ms)
		DisableScriptedObjects (4ms)
		BackupInstance (0ms)
		ReleaseScriptingObjects (0ms)
		CreateAndSetChildDomain (41ms)
	RebuildCommonClasses (25ms)
	RebuildNativeTypeToScriptingClass (8ms)
	initialDomainReloadingComplete (23ms)
	LoadAllAssembliesAndSetupDomain (153ms)
		LoadAssemblies (207ms)
		RebuildTransferFunctionScriptingTraits (0ms)
		AnalyzeDomain (10ms)
			TypeCache.Refresh (5ms)
				TypeCache.ScanAssembly (0ms)
			ScanForSourceGeneratedMonoScriptInfo (0ms)
			ResolveRequiredComponents (4ms)
	FinalizeReload (687ms)
		ReleaseScriptCaches (0ms)
		RebuildScriptCaches (0ms)
		SetupLoadedEditorAssemblies (361ms)
			LogAssemblyErrors (0ms)
			InitializePlatformSupportModulesInManaged (17ms)
			SetLoadedEditorAssemblies (3ms)
			RefreshPlugins (0ms)
			BeforeProcessingInitializeOnLoad (49ms)
			ProcessInitializeOnLoadAttributes (270ms)
			ProcessInitializeOnLoadMethodAttributes (20ms)
			AfterProcessingInitializeOnLoad (2ms)
			EditorAssembliesLoaded (0ms)
		ExecutionOrderSort2 (0ms)
		AwakeInstancesAfterBackupRestoration (6ms)
Refreshing native plugins compatible for Editor in 1.88 ms, found 3 plugins.
Preloading 0 native plugins for Editor in 0.00 ms.
Unloading 3084 Unused Serialized files (Serialized files now loaded: 0)
Unloading 22 unused Assets / (30.6 KB). Loaded Objects now: 3583.
Memory consumption went from 124.5 MB to 124.5 MB.
Total: 3.605500 ms (FindLiveObjects: 0.303100 ms CreateObjectMapping: 0.124400 ms MarkObjects: 3.116500 ms  DeleteObjects: 0.060500 ms)

Prepare: number of updated asset objects reloaded= 0
AssetImportParameters requested are different than current active one (requested -> active):
  custom:container-demuxer-ogg: 62fdf1f143b41e24485cea50d1cbac27 -> 
  custom:video-codec-MediaFoundation-h265: 746d11721c4dcdbdad8f713fa42b33f4 -> 
  custom:video-decoder-ogg-theora: a1e56fd34408186e4bbccfd4996cb3dc -> 
  custom:framework-win-MediaFoundation: 216162199b28c13a410421893ffa2e32 -> 
  custom:CustomObjectIndexerAttribute: 756ad292c208cfabdd7b50bc23989ffe -> 
  custom:container-demuxer-webm: 4f35f7cbe854078d1ac9338744f61a02 -> 
  custom:container-muxer-webm: aa71ff27fc2769a1b78a27578f13a17b -> 
  custom:video-decoder-webm-vp8: 9c59270c3fd7afecdb556c50c9e8de78 -> 
  custom:scripting/monoscript/fileName/FindSBNumer.cs: 198a05cfb84a2c1e05b5fcef3b42a20b -> 7d5f043e01fc57d3b84f26b1e636ad81
  custom:SearchIndexIgnoredProperties: e643bd26f0fe6173181afceb89e7c659 -> 
  custom:AudioImporter_EditorPlatform: d09bf68614088b80899f8185d706f6e7 -> 
  custom:scripting/monoscript/fileName/ProtectEffective.cs: 9f07128b65498bee0ea3adaef8542751 -> b257febbd637d8ad282c128adaadab58
  custom:scripting/monoscript/fileName/ReadmeStarSparrowEditor.cs: dd6fe5af4a98024fa125cf12547101f0 -> 
  custom:scripting/monoscript/fileName/ReadmeStarSparrow.cs: 74eefd30fb93b08501bc56ab6840dada -> 
  custom:video-encoder-webm-vp8: eb34c28f22e8b96e1ab97ce403110664 -> 
  custom:audio-decoder-ogg-vorbis: bf7c407c2cedff20999df2af8eb42d56 -> 
  custom:scripting/monoscript/fileName/SpecialBullet.cs: 845f341333d1daa8b5ba043f8d835d42 -> d7ad9781205612ab307c3057e8d4490a
  custom:audio-encoder-webm-vorbis: bf7c407c2cedff20999df2af8eb42d56 -> 
========================================================================
Received Prepare
Begin MonoManager ReloadAssembly
- Loaded All Assemblies, in  0.337 seconds
Refreshing native plugins compatible for Editor in 1.94 ms, found 3 plugins.
Native extension for WindowsStandalone target not found
Native extension for Android target not found
Native extension for WebGL target not found
[Package Manager] Server::EnsureServerProcessIsRunning -- launch failed, reason: Unity was launched with the -noUpm command-line argument
[Package Manager] UpmClient::Send -- Unable to send message (not connected to UPM process).
[Package Manager] Cannot connect to Unity Package Manager local server
Mono: successfully reloaded assembly
- Finished resetting the current domain, in  0.679 seconds
Domain Reload Profiling: 1017ms
	BeginReloadAssembly (132ms)
		ExecutionOrderSort (0ms)
		DisableScriptedObjects (4ms)
		BackupInstance (0ms)
		ReleaseScriptingObjects (0ms)
		CreateAndSetChildDomain (35ms)
	RebuildCommonClasses (26ms)
	RebuildNativeTypeToScriptingClass (9ms)
	initialDomainReloadingComplete (19ms)
	LoadAllAssembliesAndSetupDomain (151ms)
		LoadAssemblies (204ms)
		RebuildTransferFunctionScriptingTraits (0ms)
		AnalyzeDomain (13ms)
			TypeCache.Refresh (6ms)
				TypeCache.ScanAssembly (0ms)
			ScanForSourceGeneratedMonoScriptInfo (0ms)
			ResolveRequiredComponents (5ms)
	FinalizeReload (679ms)
		ReleaseScriptCaches (0ms)
		RebuildScriptCaches (0ms)
		SetupLoadedEditorAssemblies (346ms)
			LogAssemblyErrors (0ms)
			InitializePlatformSupportModulesInManaged (25ms)
			SetLoadedEditorAssemblies (4ms)
			RefreshPlugins (0ms)
			BeforeProcessingInitializeOnLoad (48ms)
			ProcessInitializeOnLoadAttributes (249ms)
			ProcessInitializeOnLoadMethodAttributes (18ms)
			AfterProcessingInitializeOnLoad (2ms)
			EditorAssembliesLoaded (0ms)
		ExecutionOrderSort2 (0ms)
		AwakeInstancesAfterBackupRestoration (6ms)
Refreshing native plugins compatible for Editor in 2.14 ms, found 3 plugins.
Preloading 0 native plugins for Editor in 0.00 ms.
Unloading 3085 Unused Serialized files (Serialized files now loaded: 0)
Unloading 22 unused Assets / (30.6 KB). Loaded Objects now: 3586.
Memory consumption went from 124.7 MB to 124.7 MB.
Total: 4.857500 ms (FindLiveObjects: 0.325400 ms CreateObjectMapping: 0.179100 ms MarkObjects: 4.270600 ms  DeleteObjects: 0.081200 ms)

Prepare: number of updated asset objects reloaded= 0
AssetImportParameters requested are different than current active one (requested -> active):
  custom:container-demuxer-ogg: 62fdf1f143b41e24485cea50d1cbac27 -> 
  custom:video-codec-MediaFoundation-h265: 746d11721c4dcdbdad8f713fa42b33f4 -> 
  custom:video-decoder-ogg-theora: a1e56fd34408186e4bbccfd4996cb3dc -> 
  custom:framework-win-MediaFoundation: 216162199b28c13a410421893ffa2e32 -> 
  custom:CustomObjectIndexerAttribute: 756ad292c208cfabdd7b50bc23989ffe -> 
  custom:container-demuxer-webm: 4f35f7cbe854078d1ac9338744f61a02 -> 
  custom:container-muxer-webm: aa71ff27fc2769a1b78a27578f13a17b -> 
  custom:video-decoder-webm-vp8: 9c59270c3fd7afecdb556c50c9e8de78 -> 
  custom:scripting/monoscript/fileName/FindSBNumer.cs: 198a05cfb84a2c1e05b5fcef3b42a20b -> 7d5f043e01fc57d3b84f26b1e636ad81
  custom:SearchIndexIgnoredProperties: e643bd26f0fe6173181afceb89e7c659 -> 
  custom:AudioImporter_EditorPlatform: d09bf68614088b80899f8185d706f6e7 -> 
  custom:scripting/monoscript/fileName/ProtectEffective.cs: 9f07128b65498bee0ea3adaef8542751 -> b257febbd637d8ad282c128adaadab58
  custom:scripting/monoscript/fileName/ReadmeStarSparrowEditor.cs: dd6fe5af4a98024fa125cf12547101f0 -> 
  custom:scripting/monoscript/fileName/ReadmeStarSparrow.cs: 74eefd30fb93b08501bc56ab6840dada -> 
  custom:video-encoder-webm-vp8: eb34c28f22e8b96e1ab97ce403110664 -> 
  custom:audio-decoder-ogg-vorbis: bf7c407c2cedff20999df2af8eb42d56 -> 
  custom:scripting/monoscript/fileName/SpecialBullet.cs: 845f341333d1daa8b5ba043f8d835d42 -> d7ad9781205612ab307c3057e8d4490a
  custom:audio-encoder-webm-vorbis: bf7c407c2cedff20999df2af8eb42d56 -> 
========================================================================
Received Import Request.
  Time since last request: 134.743039 seconds.
  path: Assets/StarfieldMaterials/Textures/Plain Starfields/Materials
  artifactKey: Guid(58216bfe9fa654e4fa470505669b2761) Importer(815301076,1909f56bfc062723c751e8b465ee728b)
Start importing Assets/StarfieldMaterials/Textures/Plain Starfields/Materials using Guid(58216bfe9fa654e4fa470505669b2761) Importer(815301076,1909f56bfc062723c751e8b465ee728b)  -> (artifact id: '213dcac6001b4361b094d0ff0e1ce82f') in 0.001894 seconds
Number of updated asset objects reloaded before import = 0
Number of asset objects unloaded after import = 0
========================================================================
Received Import Request.
  Time since last request: 0.013942 seconds.
  path: Assets/StarfieldMaterials/Textures/Plain Starfields/Materials/PlainStarfield_01.mat
  artifactKey: Guid(84c7a841d56c85845a1be00cdfac0623) Importer(815301076,1909f56bfc062723c751e8b465ee728b)
Start importing Assets/StarfieldMaterials/Textures/Plain Starfields/Materials/PlainStarfield_01.mat using Guid(84c7a841d56c85845a1be00cdfac0623) Importer(815301076,1909f56bfc062723c751e8b465ee728b)  -> (artifact id: 'adc43218c12a59b43e792c4986facb0b') in 0.074992 seconds
Number of updated asset objects reloaded before import = 0
Number of asset objects unloaded after import = 2
========================================================================
Received Import Request.
  Time since last request: 0.000023 seconds.
  path: Assets/StarfieldMaterials/Textures/Plain Starfields/Materials/PlainStarfield_04.mat
  artifactKey: Guid(cdc3b4604ea7bbb438bc3e7f9ea1d825) Importer(815301076,1909f56bfc062723c751e8b465ee728b)
Start importing Assets/StarfieldMaterials/Textures/Plain Starfields/Materials/PlainStarfield_04.mat using Guid(cdc3b4604ea7bbb438bc3e7f9ea1d825) Importer(815301076,1909f56bfc062723c751e8b465ee728b)  -> (artifact id: 'c6604b40b4dbc98846882c9246393380') in 0.018611 seconds
Number of updated asset objects reloaded before import = 0
Number of asset objects unloaded after import = 2
========================================================================
Received Import Request.
  Time since last request: 49.448047 seconds.
  path: Assets/airplane/starainmation.anim
  artifactKey: Guid(45531ed22ef134c838b95877bd73ede8) Importer(815301076,1909f56bfc062723c751e8b465ee728b)
Start importing Assets/airplane/starainmation.anim using Guid(45531ed22ef134c838b95877bd73ede8) Importer(815301076,1909f56bfc062723c751e8b465ee728b)  -> (artifact id: 'e70a6b76ccbe4470372150c2345d500f') in 0.001117 seconds
Number of updated asset objects reloaded before import = 0
Number of asset objects unloaded after import = 1
========================================================================
Received Import Request.
  Time since last request: 11.182921 seconds.
  path: Assets/Materials/F3_Green.mat
  artifactKey: Guid(aa1e936803633064facac17fa9620e73) Importer(815301076,1909f56bfc062723c751e8b465ee728b)
Start importing Assets/Materials/F3_Green.mat using Guid(aa1e936803633064facac17fa9620e73) Importer(815301076,1909f56bfc062723c751e8b465ee728b)  -> (artifact id: '288a083a8af4dfeb9615385af79fec63') in 0.038215 seconds
Number of updated asset objects reloaded before import = 0
Number of asset objects unloaded after import = 7
========================================================================
Received Import Request.
  Time since last request: 27.953419 seconds.
  path: Assets/airplane/groundstar.controller
  artifactKey: Guid(5223f821592a449b9aebade37fc64f5a) Importer(815301076,1909f56bfc062723c751e8b465ee728b)
Start importing Assets/airplane/groundstar.controller using Guid(5223f821592a449b9aebade37fc64f5a) Importer(815301076,1909f56bfc062723c751e8b465ee728b)  -> (artifact id: '3b9cf9379508a24e04fbd68c9f19a91a') in 0.001726 seconds
Number of updated asset objects reloaded before import = 0
Number of asset objects unloaded after import = 4
========================================================================
Received Import Request.
  Time since last request: 29.303423 seconds.
  path: Assets/Prefabs/BigBoss.prefab
  artifactKey: Guid(8529413f2c6c28f449a74f4371522186) Importer(815301076,1909f56bfc062723c751e8b465ee728b)
Start importing Assets/Prefabs/BigBoss.prefab using Guid(8529413f2c6c28f449a74f4371522186) Importer(815301076,1909f56bfc062723c751e8b465ee728b)  -> (artifact id: '59eb7d90a6de8c1fd76ea9899901cef0') in 0.040466 seconds
Number of updated asset objects reloaded before import = 0
Number of asset objects unloaded after import = 96
========================================================================
Received Import Request.
  Time since last request: 0.000021 seconds.
  path: Assets/Prefabs/F3_Green Variant.prefab
  artifactKey: Guid(1b9c9bd520ad54747a98d7222069677a) Importer(815301076,1909f56bfc062723c751e8b465ee728b)
Start importing Assets/Prefabs/F3_Green Variant.prefab using Guid(1b9c9bd520ad54747a98d7222069677a) Importer(815301076,1909f56bfc062723c751e8b465ee728b)  -> (artifact id: 'a4616ce5a320192738aaa031c69ce097') in 0.028421 seconds
Number of updated asset objects reloaded before import = 0
Number of asset objects unloaded after import = 21
Editor requested this worker to shutdown with reason: Scaling down because of idle timeout
TcpMessagingSession - receive error: operation aborted. errorcode: 995, details: The I/O operation has been aborted because of either a thread exit or an application request.
AssetImportWorker is now disconnected from the server
Process exiting
Exiting without the bug reporter. Application will terminate with return code 0